0 info it worked if it ends with ok
1 verbose cli [ '/usr/local/bin/node',
1 verbose cli   '/usr/local/bin/npm',
1 verbose cli   'uninstall',
1 verbose cli   'phantomjs' ]
2 info using npm@1.4.28
3 info using node@v0.10.33
4 verbose node_modules/phantomjs unbuild
5 info preuninstall phantomjs@1.9.16
6 info uninstall phantomjs@1.9.16
7 verbose true,/home/fraser/Documents/waldi/waldi/crawler/node_modules,/home/fraser/Documents/waldi/waldi/crawler/node_modules unbuild phantomjs@1.9.16
8 verbose /home/fraser/Documents/waldi/waldi/crawler/node_modules/.bin,[object Object] binRoot
9 error Error: EACCES, unlink '/home/fraser/Documents/waldi/waldi/crawler/node_modules/.bin/phantomjs'
9 error  { [Error: EACCES, unlink '/home/fraser/Documents/waldi/waldi/crawler/node_modules/.bin/phantomjs']
9 error   errno: 3,
9 error   code: 'EACCES',
9 error   path: '/home/fraser/Documents/waldi/waldi/crawler/node_modules/.bin/phantomjs' }
10 error Please try running this command again as root/Administrator.
11 error System Linux 3.13.0-32-generic
12 error command "/usr/local/bin/node" "/usr/local/bin/npm" "uninstall" "phantomjs"
13 error cwd /home/fraser/Documents/waldi/waldi/crawler
14 error node -v v0.10.33
15 error npm -v 1.4.28
16 error path /home/fraser/Documents/waldi/waldi/crawler/node_modules/.bin/phantomjs
17 error code EACCES
18 error errno 3
19 error stack Error: EACCES, unlink '/home/fraser/Documents/waldi/waldi/crawler/node_modules/.bin/phantomjs'
20 verbose exit [ 3, true ]
