0 info it worked if it ends with ok
1 verbose cli [ '/usr/local/bin/node',
1 verbose cli   '/usr/local/bin/npm',
1 verbose cli   'install',
1 verbose cli   '--save',
1 verbose cli   'node_redis' ]
2 info using npm@1.4.28
3 info using node@v0.10.33
4 verbose readDependencies using package.json deps
5 verbose cache add [ 'node_redis', null ]
6 verbose cache add name=undefined spec="node_redis" args=["node_redis",null]
7 verbose parsed url { protocol: null,
7 verbose parsed url   slashes: null,
7 verbose parsed url   auth: null,
7 verbose parsed url   host: null,
7 verbose parsed url   port: null,
7 verbose parsed url   hostname: null,
7 verbose parsed url   hash: null,
7 verbose parsed url   search: null,
7 verbose parsed url   query: null,
7 verbose parsed url   pathname: 'node_redis',
7 verbose parsed url   path: 'node_redis',
7 verbose parsed url   href: 'node_redis' }
8 silly lockFile f4a38139-node-redis node_redis
9 verbose lock node_redis /Users/matthewpalmer/.npm/f4a38139-node-redis.lock
10 silly lockFile f4a38139-node-redis node_redis
11 silly lockFile f4a38139-node-redis node_redis
12 verbose addNamed [ 'node_redis', '' ]
13 verbose addNamed [ null, '*' ]
14 silly lockFile f3744735-node-redis node_redis@
15 verbose lock node_redis@ /Users/matthewpalmer/.npm/f3744735-node-redis.lock
16 silly addNameRange { name: 'node_redis', range: '*', hasData: false }
17 verbose request where is /node_redis
18 verbose request registry https://registry.npmjs.org/
19 verbose request id 2a0e7da0c85cdf9b
20 verbose url raw /node_redis
21 verbose url resolving [ 'https://registry.npmjs.org/', './node_redis' ]
22 verbose url resolved https://registry.npmjs.org/node_redis
23 verbose request where is https://registry.npmjs.org/node_redis
24 info trying registry request attempt 1 at 11:39:15
25 http GET https://registry.npmjs.org/node_redis
26 http 404 https://registry.npmjs.org/node_redis
27 verbose headers { date: 'Sat, 07 Mar 2015 00:39:17 GMT',
27 verbose headers   server: 'CouchDB/1.5.0 (Erlang OTP/R16B03)',
27 verbose headers   'content-type': 'application/json',
27 verbose headers   'cache-control': 'max-age=0',
27 verbose headers   'content-length': '52',
27 verbose headers   'accept-ranges': 'bytes',
27 verbose headers   via: '1.1 varnish',
27 verbose headers   age: '0',
27 verbose headers   'x-served-by': 'cache-syd1623-SYD',
27 verbose headers   'x-cache': 'MISS',
27 verbose headers   'x-cache-hits': '0',
27 verbose headers   'x-timer': 'S1425688756.980007,VS0,VE949',
27 verbose headers   'keep-alive': 'timeout=10, max=50',
27 verbose headers   connection: 'Keep-Alive' }
28 silly registry.get cb [ 404,
28 silly registry.get   { date: 'Sat, 07 Mar 2015 00:39:17 GMT',
28 silly registry.get     server: 'CouchDB/1.5.0 (Erlang OTP/R16B03)',
28 silly registry.get     'content-type': 'application/json',
28 silly registry.get     'cache-control': 'max-age=0',
28 silly registry.get     'content-length': '52',
28 silly registry.get     'accept-ranges': 'bytes',
28 silly registry.get     via: '1.1 varnish',
28 silly registry.get     age: '0',
28 silly registry.get     'x-served-by': 'cache-syd1623-SYD',
28 silly registry.get     'x-cache': 'MISS',
28 silly registry.get     'x-cache-hits': '0',
28 silly registry.get     'x-timer': 'S1425688756.980007,VS0,VE949',
28 silly registry.get     'keep-alive': 'timeout=10, max=50',
28 silly registry.get     connection: 'Keep-Alive' } ]
29 silly lockFile f3744735-node-redis node_redis@
30 silly lockFile f3744735-node-redis node_redis@
31 error 404 404 Not Found: node_redis
31 error 404
31 error 404 'node_redis' is not in the npm registry.
31 error 404 You should bug the author to publish it
31 error 404 It was specified as a dependency of 'application-name'
31 error 404
31 error 404 Note that you can also install from a
31 error 404 tarball, folder, or http url, or git url.
32 error System Darwin 14.1.0
33 error command "/usr/local/bin/node" "/usr/local/bin/npm" "install" "--save" "node_redis"
34 error cwd /Users/matthewpalmer/dev/waldi/backend/waldi
35 error node -v v0.10.33
36 error npm -v 1.4.28
37 error code E404
38 verbose exit [ 1, true ]
